[
    {
        "content": "<p>Hi everyone, I'm using the latest nightly build of Roc:</p>\n<div class=\"codehilite\" data-code-language=\"Bash\"><pre><span></span><code>❱<span class=\"w\"> </span>roc<span class=\"w\"> </span>--version\nroc<span class=\"w\"> </span>nightly<span class=\"w\"> </span>pre-release,<span class=\"w\"> </span>built<span class=\"w\"> </span>from<span class=\"w\"> </span>commit<span class=\"w\"> </span>28146c9<span class=\"w\"> </span>on<span class=\"w\"> </span>Mo<span class=\"w\"> </span><span class=\"m\">24</span><span class=\"w\"> </span>Apr<span class=\"w\"> </span><span class=\"m\">2023</span><span class=\"w\"> </span><span class=\"m\">09</span>:08:22<span class=\"w\"> </span>UTC\n</code></pre></div>\n<p>And I have a MWE project with these files:</p>\n<p><code>src/main.roc</code></p>\n<div class=\"codehilite\" data-code-language=\"roc\"><pre><span></span><code>package \"Example\"\n    exposes [HelloWorld]\n    packages {}\n</code></pre></div>\n<p><code>src/HelloWorld.roc</code></p>\n<div class=\"codehilite\" data-code-language=\"roc\"><pre><span></span><code>interface HelloWorld exposes [greet] imports []\n\ngreet = \\person -&gt; \"Hello, \\(person).\"\n\nexpect greet \"World\" == \"Hello, World.\"\n</code></pre></div>\n<p>When I run Roc test like this:</p>\n<div class=\"codehilite\" data-code-language=\"Bash\"><pre><span></span><code>❱<span class=\"w\"> </span>roc<span class=\"w\"> </span><span class=\"nb\">test</span><span class=\"w\"> </span>src/main.roc\n</code></pre></div>\n<p>I get this error:</p>\n<div class=\"codehilite\" data-code-language=\"Bash\"><pre><span></span><code>ld:<span class=\"w\"> </span>cannot<span class=\"w\"> </span>find<span class=\"w\"> </span>-lc\nld:<span class=\"w\"> </span>cannot<span class=\"w\"> </span>find<span class=\"w\"> </span>-lm\nld:<span class=\"w\"> </span>cannot<span class=\"w\"> </span>find<span class=\"w\"> </span>-lpthread\nld:<span class=\"w\"> </span>cannot<span class=\"w\"> </span>find<span class=\"w\"> </span>-ldl\nld:<span class=\"w\"> </span>cannot<span class=\"w\"> </span>find<span class=\"w\"> </span>-lrt\nld:<span class=\"w\"> </span>cannot<span class=\"w\"> </span>find<span class=\"w\"> </span>-lutil\nld:<span class=\"w\"> </span>cannot<span class=\"w\"> </span>find<span class=\"w\"> </span>-lc_nonshared\nthread<span class=\"w\"> </span><span class=\"s1\">'main'</span><span class=\"w\"> </span>panicked<span class=\"w\"> </span>at<span class=\"w\"> </span><span class=\"s1\">'</span>\n<span class=\"s1\">___________</span>\n<span class=\"s1\">Linking command failed with status ExitStatus(unix_wait_status(256)):</span>\n\n<span class=\"s1\">  Child { stdin: None, stdout: None, stderr: None, .. }</span>\n<span class=\"s1\">___________</span>\n<span class=\"s1\">'</span>,<span class=\"w\"> </span>crates/compiler/build/src/link.rs:1392:5\nnote:<span class=\"w\"> </span>run<span class=\"w\"> </span>with<span class=\"w\"> </span><span class=\"sb\">`</span><span class=\"nv\">RUST_BACKTRACE</span><span class=\"o\">=</span><span class=\"m\">1</span><span class=\"sb\">`</span><span class=\"w\"> </span>environment<span class=\"w\"> </span>variable<span class=\"w\"> </span>to<span class=\"w\"> </span>display<span class=\"w\"> </span>a<span class=\"w\"> </span>backtrace\n</code></pre></div>",
        "id": 352430687,
        "sender_full_name": "Hannes",
        "timestamp": 1682400146
    },
    {
        "content": "<p>Might be related, but I am pretty sure there is a bug when you try and run roc cli in the same directory as a package file.</p>",
        "id": 352430848,
        "sender_full_name": "Luke Boswell",
        "timestamp": 1682400239
    },
    {
        "content": "<p>This is why I usually create packages in a <code>/package</code> folder i.e. <code>/package/main.roc</code> and then when I run it I use <code>roc test ./package/Example</code></p>",
        "id": 352430980,
        "sender_full_name": "Luke Boswell",
        "timestamp": 1682400287
    },
    {
        "content": "<p>I've just tried running</p>\n<div class=\"codehilite\"><pre><span></span><code>roc test example/src/main.roc\n</code></pre></div>\n<p>and I got the same error :/</p>",
        "id": 352431081,
        "sender_full_name": "Hannes",
        "timestamp": 1682400354
    },
    {
        "content": "<p>Otherwise I don't see any issues with your code. It may be a compiler issue.</p>",
        "id": 352431084,
        "sender_full_name": "Luke Boswell",
        "timestamp": 1682400355
    },
    {
        "content": "<p>I don't know if you can run <code>roc test</code> on a package file, can you try it on the interface directly?</p>",
        "id": 352431185,
        "sender_full_name": "Luke Boswell",
        "timestamp": 1682400394
    },
    {
        "content": "<p>There is an <a href=\"https://github.com/roc-lang/roc/issues/5103\">open issue</a> for <code>roc test</code> to find and test all modules in a package.</p>",
        "id": 352431238,
        "sender_full_name": "Luke Boswell",
        "timestamp": 1682400424
    },
    {
        "content": "<p>I'll add that I'm on Ubuntu 23.04, but I was also getting this error on Ubuntu 22.10 last week as well, so I don't think it's specific to this version of Ubuntu.</p>",
        "id": 352431421,
        "sender_full_name": "Hannes",
        "timestamp": 1682400486
    },
    {
        "content": "<p>Just tried</p>\n<div class=\"codehilite\"><pre><span></span><code>roc test src/HelloWorld.roc\n</code></pre></div>\n<p>and got the same error again</p>",
        "id": 352431465,
        "sender_full_name": "Hannes",
        "timestamp": 1682400508
    },
    {
        "content": "<p><a href=\"/user_uploads/22008/-VM3wPyEjm5EIgw-4Y-YJ2j-/Screen-Shot-2023-04-25-at-15.29.30.png\">Screen-Shot-2023-04-25-at-15.29.30.png</a></p>\n<div class=\"message_inline_image\"><a href=\"/user_uploads/22008/-VM3wPyEjm5EIgw-4Y-YJ2j-/Screen-Shot-2023-04-25-at-15.29.30.png\" title=\"Screen-Shot-2023-04-25-at-15.29.30.png\"><img src=\"/user_uploads/22008/-VM3wPyEjm5EIgw-4Y-YJ2j-/Screen-Shot-2023-04-25-at-15.29.30.png\"></a></div><div class=\"codehilite\"><pre><span></span><code>% roc test package/HelloWorld.roc\n\n0 failed and 1 passed in 657 ms.\n</code></pre></div>\n<p>Looks like a compiler issue. Not sure I can help you much further.</p>",
        "id": 352431682,
        "sender_full_name": "Luke Boswell",
        "timestamp": 1682400629
    },
    {
        "content": "<p>Thanks for your suggestions, I'll try some other stuff and report back :)</p>",
        "id": 352431761,
        "sender_full_name": "Hannes",
        "timestamp": 1682400679
    },
    {
        "content": "<p>If you can build from source, using e.g. <code>nix develop</code> then <code>cargo run --release --locked</code> and using roc in /targets/release etc that might be the.most reliable</p>",
        "id": 352431888,
        "sender_full_name": "Luke Boswell",
        "timestamp": 1682400749
    },
    {
        "content": "<p>Ah, so I compiled roc from source in <code>nix develop</code> and <code>roc test</code> ran fine, then I moved it to my path and ran it and it worked, then I downloaded the nightly build and ran it inside the nix shell and it still worked, but none of these worked outside the nix shell! Seems to be something specific to my setup, no idea what it could be though <span aria-label=\"shrug\" class=\"emoji emoji-1f937\" role=\"img\" title=\"shrug\">:shrug:</span></p>",
        "id": 352469179,
        "sender_full_name": "Hannes",
        "timestamp": 1682412478
    },
    {
        "content": "<p>I do think it is caused by changes in Ubuntu 23.04, can you make an issue for this <span class=\"user-mention\" data-user-id=\"508951\">@Hannes</span>?</p>",
        "id": 352479432,
        "sender_full_name": "Anton",
        "timestamp": 1682414750
    },
    {
        "content": "<p>Sure, I'll also try and recreate the bug in a clean Ubuntu VM with a few different versions and add that to the issue</p>",
        "id": 352578097,
        "sender_full_name": "Hannes",
        "timestamp": 1682438010
    },
    {
        "content": "<p>I've created issue <a href=\"https://github.com/roc-lang/roc/issues/5340\">#5340</a> for this and I've confirmed that it works on Ubuntu 22.04 but not on 23.04 as <span class=\"user-mention\" data-user-id=\"361169\">@Anton</span> suspected.</p>",
        "id": 353727955,
        "sender_full_name": "Hannes",
        "timestamp": 1682671047
    },
    {
        "content": "<p>Thanks for checking this <span class=\"user-mention\" data-user-id=\"508951\">@Hannes</span>, does <code>roc run src/main.roc</code> work on 23.04?</p>",
        "id": 353789424,
        "sender_full_name": "Anton",
        "timestamp": 1682678811
    },
    {
        "content": "<p>It works in that it doesn't crash, but I get the \"could not find platform\" error, which makes sense because it's a library.</p>",
        "id": 353873294,
        "sender_full_name": "Hannes",
        "timestamp": 1682689031
    },
    {
        "content": "<p>Oh yes, that makes sense, it's an interface, I looked over that. Does the <a href=\"https://github.com/roc-lang/roc/blob/main/examples/helloWorld.roc\">hello world app</a> work on 23.04?</p>",
        "id": 353874260,
        "sender_full_name": "Anton",
        "timestamp": 1682689142
    },
    {
        "content": "<p>Yes, I haven't had that error with building/running apps, but when I put the <code>expect</code> in a hello world app and run <code>roc test</code> I get the same crash:</p>\n<div class=\"codehilite\"><pre><span></span><code>app &quot;hello-world&quot;\n    packages {\n        pf: &quot;https://github.com/roc-lang/basic-cli/releases/download/0.3.1/97mY3sUwo433-pcnEQUlMhn-sWiIf_J9bPhcAFZoqY4.tar.br&quot;,\n    }\n    imports [pf.Stdout]\n    provides [main] to pf\n\ngreet = \\person -&gt; &quot;Hello, \\(person)!&quot;\n\nexpect greet &quot;World&quot; == &quot;Hello, World.&quot;\n\nmain = Stdout.line (greet &quot;World&quot;)\n</code></pre></div>\n<div class=\"codehilite\"><pre><span></span><code>❱ roc test hello-world.roc\nld: cannot find -lc\nld: cannot find -lm\nld: cannot find -lpthread\nld: cannot find -ldl\nld: cannot find -lrt\nld: cannot find -lutil\nld: cannot find -lc_nonshared\nthread &#39;main&#39; panicked at &#39;\n___________\nLinking command failed with status ExitStatus(unix_wait_status(256)):\n\n  Child { stdin: None, stdout: None, stderr: None, .. }\n___________\n&#39;, crates/compiler/build/src/link.rs:1396:5\nnote: run with `RUST_BACKTRACE=1` environment variable to display a backtrace\n</code></pre></div>",
        "id": 353876468,
        "sender_full_name": "Hannes",
        "timestamp": 1682689375
    },
    {
        "content": "<p>Can you try <code>roc run --linker=legacy {some app}</code>?</p>",
        "id": 353878024,
        "sender_full_name": "Brendan Hansknecht",
        "timestamp": 1682689555
    },
    {
        "content": "<p>Running the hello-world app with the legacy linker gives this crash:</p>\n<div class=\"codehilite\"><pre><span></span><code>❱ roc run --linker=legacy hello-world.roc\nld: cannot find -lc\nld: cannot find -lm\nld: cannot find -lpthread\nld: cannot find -ldl\nld: cannot find -lrt\nld: cannot find -lutil\nld: cannot find -lc_nonshared\nthread &#39;main&#39; panicked at &#39;not yet implemented: gracefully handle `ld` (or `zig` in the case of wasm with --optimize) returning exit code Some(1)&#39;, crates/compiler/build/src/program.rs:1004:17\nnote: run with `RUST_BACKTRACE=1` environment variable to display a backtrace\n</code></pre></div>",
        "id": 353893842,
        "sender_full_name": "Hannes",
        "timestamp": 1682691263
    },
    {
        "content": "<p>cool. That is what I wanted to check, just to verify.</p>",
        "id": 353896377,
        "sender_full_name": "Brendan Hansknecht",
        "timestamp": 1682691550
    },
    {
        "content": "<p>Can you make sure you have <code>build-essential</code> installed and test again? That should at least fix <code>-lc</code>, but I would expect ubuntu to have headers for libc install by default, so idk.</p>",
        "id": 353899079,
        "sender_full_name": "Brendan Hansknecht",
        "timestamp": 1682691826
    },
    {
        "content": "<p>I'm getting</p>\n<div class=\"codehilite\"><pre><span></span><code>build-essential is already at the latest version 12.9ubuntu3\n</code></pre></div>",
        "id": 353901842,
        "sender_full_name": "Hannes",
        "timestamp": 1682692133
    },
    {
        "content": "<p>hmm..ok</p>",
        "id": 353904338,
        "sender_full_name": "Brendan Hansknecht",
        "timestamp": 1682692410
    },
    {
        "content": "<p>These should all be installed libraries by default on most linux systems. On top of that, we are just calling the system <code>ld</code> here, so it should be able to find them. <code>build-essential</code> definitely installs the stuff for libc dev. Really weird.</p>",
        "id": 353905758,
        "sender_full_name": "Brendan Hansknecht",
        "timestamp": 1682692567
    },
    {
        "content": "<p>Okaaayyyyyyy, I've figured out why it wasn't working, turns out I had another version of GNU binutils installed which had presedence over the system package, and once I removed that directory from my <code>PATH</code> it works fine now! Thanks everyone who looked into this, I'll close the issue as well.</p>",
        "id": 354189038,
        "sender_full_name": "Hannes",
        "timestamp": 1682745742
    },
    {
        "content": "<p><span class=\"user-mention silent\" data-user-id=\"508951\">Hannes</span> has marked this topic as resolved.</p>",
        "id": 354189344,
        "sender_full_name": "Notification Bot",
        "timestamp": 1682745815
    }
]