[
    {
        "content": "<p>Hello, I follow the manual installation instruction on Fedora 35 since I understand that the nix setup won't allow me to use the editor on my intel machine.</p>\n<p>However, I get the following error when running cargo build</p>\n<div class=\"codehilite\"><pre><span></span><code>error: failed to run custom build command for `roc_builtins v0.1.0 (/home/maxime/Documents/roc/compiler/builtins)`\n\nCaused by:\n  process didn&#39;t exit successfully: `/home/maxime/Documents/roc/target/debug/build/roc_builtins-88c944ea58fa3aaa/build-script-build` (exit status: 101)\n  --- stdout\n  cargo:rerun-if-changed=build.rs\n  Compiling host ir to: /home/maxime/Documents/roc/compiler/builtins/bitcode/builtins-host.ll\n\n  --- stderr\n  thread &#39;main&#39; panicked at &#39;zig failed: ./build.zig:60:24: error: expected type &#39;std.build.EmitOption&#39;, found &#39;bool&#39;\n      obj.emit_llvm_ir = true;\n                         ^\n  /usr/lib/zig/std/build.zig:1597:28: note: std.build.EmitOption declared here\n      pub const EmitOption = union(enum) {\n                             ^\n  &#39;, compiler/builtins/build.rs:182:17\n  note: run with `RUST_BACKTRACE=1` environment variable to display a backtrace\nwarning: build failed, waiting\n</code></pre></div>",
        "id": 279820622,
        "sender_full_name": "Maxime Tremblay",
        "timestamp": 1650632640
    },
    {
        "content": "<p>Any idea how to fix that?</p>",
        "id": 279820754,
        "sender_full_name": "Maxime Tremblay",
        "timestamp": 1650632697
    },
    {
        "content": "<p>can you run <code>zig version</code>?</p>",
        "id": 279820763,
        "sender_full_name": "Richard Feldman",
        "timestamp": 1650632702
    },
    {
        "content": "<p>0.9.1</p>",
        "id": 279820952,
        "sender_full_name": "Maxime Tremblay",
        "timestamp": 1650632793
    },
    {
        "content": "<p>ah, we didn't upgrate to zig 0.9.1 yet</p>",
        "id": 279821064,
        "sender_full_name": "Folkert de Vries",
        "timestamp": 1650632870
    },
    {
        "content": "<p>it's in the pipeline</p>",
        "id": 279821071,
        "sender_full_name": "Folkert de Vries",
        "timestamp": 1650632875
    },
    {
        "content": "<p>I tried zig 0.8.1, didn't work either</p>\n<div class=\"codehilite\"><pre><span></span><code>Caused by:\n  process didn&#39;t exit successfully: `/home/maxime/Documents/roc/target/debug/build/roc_builtins-88c944ea58fa3aaa/build-script-build` (exit status: 101)\n  --- stdout\n  cargo:rerun-if-changed=build.rs\n  Compiling host ir to: /home/maxime/Documents/roc/compiler/builtins/bitcode/builtins-host.ll\n\n  --- stderr\n  thread &#39;main&#39; panicked at &#39;zig failed: /home/maxime/Documents/roc/compiler/builtins/bitcode/src/num.zig:27:21: error: unused capture\n  /home/maxime/Documents/roc/compiler/builtins/bitcode/src/num.zig:40:21: error: unused capture\n  /home/maxime/Documents/roc/compiler/builtins/bitcode/src/str.zig:2044:35: error: unused capture\n  /home/maxime/Documents/roc/compiler/builtins/bitcode/src/list.zig:1329:5: error: unused function parameter\n  builtins-host...The following command exited with error code 1:\n  /usr/bin/zig build-obj /home/maxime/Documents/roc/compiler/builtins/bitcode/src/main.zig -femit-llvm-ir -fno-emit-bin --strip -OReleaseFast --cache-dir /home/maxime/Documents/roc/compiler/builtins/bitcode/zig-cache --global-cache-dir /home/maxime/.cache/zig --name builtins-host -target native-native --enable-cache\n  error: the following build command failed with exit code 1:\n  /home/maxime/Documents/roc/compiler/builtins/bitcode/zig-cache/o/e85ea97b8a95d34f949e26b3f0ea5c21/build /usr/bin/zig /home/maxime/Documents/roc/compiler/builtins/bitcode /home/maxime/Documents/roc/compiler/builtins/bitcode/zig-cache /home/maxime/.cache/zig ir -Drelease=true\n  &#39;, compiler/builtins/build.rs:182:17\n  note: run with `RUST_BACKTRACE=1` environment variable to display a backtrace\n</code></pre></div>",
        "id": 279821383,
        "sender_full_name": "Maxime Tremblay",
        "timestamp": 1650633024
    },
    {
        "content": "<p>CI and I personally use 0.8.0</p>",
        "id": 279821956,
        "sender_full_name": "Folkert de Vries",
        "timestamp": 1650633349
    },
    {
        "content": "<p>I'm on 0.8.1. on macOS <span aria-label=\"thinking\" class=\"emoji emoji-1f914\" role=\"img\" title=\"thinking\">:thinking:</span></p>",
        "id": 279822161,
        "sender_full_name": "Richard Feldman",
        "timestamp": 1650633436
    },
    {
        "content": "<p>those errors are strange:</p>\n<blockquote>\n<p>compiler/builtins/bitcode/src/num.zig:27:21: error: unused capture<br>\ncompiler/builtins/bitcode/src/num.zig:40:21: error: unused capture<br>\ncompiler/builtins/bitcode/src/str.zig:2044:35: error: unused capture<br>\ncompiler/builtins/bitcode/src/list.zig:1329:5: error: unused function parameter</p>\n</blockquote>\n<p>I'd expect everyone using Zig 0.8.1 to get those same errors, or nobody</p>",
        "id": 279822421,
        "sender_full_name": "Richard Feldman",
        "timestamp": 1650633514
    },
    {
        "content": "<p>I assume this was on <code>trunk</code>?</p>",
        "id": 279822442,
        "sender_full_name": "Richard Feldman",
        "timestamp": 1650633524
    },
    {
        "content": "<p>well those errors are really just warnings, so you should be close to get it working anyhow</p>",
        "id": 279822562,
        "sender_full_name": "Folkert de Vries",
        "timestamp": 1650633596
    },
    {
        "content": "<p>Yes. I pulled again just in case without success. I also try to fix these errors by doing a dummy usage of the variables. </p>\n<p>Here is what I have now </p>\n<div class=\"codehilite\"><pre><span></span><code>--- stderr\n  thread &#39;main&#39; panicked at &#39;zig failed: builtins-host...The following command terminated unexpectedly:\n  /usr/bin/zig build-obj /home/maxime/Documents/roc/compiler/builtins/bitcode/src/main.zig -femit-llvm-ir -fno-emit-bin --strip -OReleaseFast --cache-dir /home/maxime/Documents/roc/compiler/builtins/bitcode/zig-cache --global-cache-dir /home/maxime/.cache/zig --name builtins-host -target native-native --enable-cache\n  error: the following build command failed with exit code 11:\n  /home/maxime/Documents/roc/compiler/builtins/bitcode/zig-cache/o/e85ea97b8a95d34f949e26b3f0ea5c21/build /usr/bin/zig /home/maxime/Documents/roc/compiler/builtins/bitcode /home/maxime/Documents/roc/compiler/builtins/bitcode/zig-cache /home/maxime/.cache/zig ir -Drelease=true\n</code></pre></div>",
        "id": 279822730,
        "sender_full_name": "Maxime Tremblay",
        "timestamp": 1650633679
    },
    {
        "content": "<p>oh, maybe remove zig-cache</p>",
        "id": 279822761,
        "sender_full_name": "Folkert de Vries",
        "timestamp": 1650633694
    },
    {
        "content": "<p>it does not work so well when you switch zig versions but keep the same cache</p>",
        "id": 279822776,
        "sender_full_name": "Folkert de Vries",
        "timestamp": 1650633707
    },
    {
        "content": "<p>but usually it doesn't fail loudly</p>",
        "id": 279822783,
        "sender_full_name": "Folkert de Vries",
        "timestamp": 1650633715
    },
    {
        "content": "<p>or, well, it doesn't tell you that that is what the problem is</p>",
        "id": 279822841,
        "sender_full_name": "Folkert de Vries",
        "timestamp": 1650633725
    },
    {
        "content": "<p>I did <code>rm -r ~/.cache/zig/*</code> and I still get the same error.</p>",
        "id": 279823178,
        "sender_full_name": "Maxime Tremblay",
        "timestamp": 1650633918
    },
    {
        "content": "<p>(By the way, thanks for helping me out)</p>",
        "id": 279823180,
        "sender_full_name": "Maxime Tremblay",
        "timestamp": 1650633920
    },
    {
        "content": "<p>maybe also try this one <code>/home/maxime/Documents/roc/compiler/builtins/bitcode/zig-cache</code></p>",
        "id": 279825117,
        "sender_full_name": "Folkert de Vries",
        "timestamp": 1650634814
    },
    {
        "content": "<p>I did. With <code>cargo clean</code>. It didn't work either.</p>",
        "id": 279826588,
        "sender_full_name": "Maxime Tremblay",
        "timestamp": 1650635589
    },
    {
        "content": "<p>hmm, what does <code>zig build test</code> do?</p>",
        "id": 279827082,
        "sender_full_name": "Folkert de Vries",
        "timestamp": 1650635871
    },
    {
        "content": "<div class=\"codehilite\"><pre><span></span><code>Ôåä ÔÅº ~/Documents/roc/compiler/builtins/bitcode ÔÑì ÔÑ¶ trunk !5 ?2\n‚ùØ zig build test\n./src/dec.zig:142:82: error: expected type &#39;std.fmt.Case&#39;, found &#39;bool&#39;\n        var num_digits = std.fmt.formatIntBuf(digit_bytes_storage[0..], num, 10, false, .{});\n                                                                                 ^\n/usr/lib/zig/std/fmt.zig:735:18: note: std.fmt.Case declared here\npub const Case = enum { lower, upper };\n                 ^\n./src/dec.zig:142:46: note: referenced here\n        var num_digits = std.fmt.formatIntBuf(digit_bytes_storage[0..], num, 10, false, .{});\n                                             ^\nThe following command exited with error code 1:\n/usr/bin/zig test /home/maxime/Documents/roc/compiler/builtins/bitcode/src/main.zig -lc --cache-dir /home/maxime/Documents/roc/compiler/builtins/bitcode/zig-cache --global-cache-dir /home/maxime/.cache/zig --name test\nerror: the following build command failed with exit code 1:\n/home/maxime/Documents/roc/compiler/builtins/bitcode/zig-cache/o/e85ea97b8a95d34f949e26b3f0ea5c21/build /usr/bin/zig /home/maxime/Documents/roc/compiler/builtins/bitcode /home/maxime/Documents/roc/compiler/builtins/bitcode/zig-cache /home/maxime/.cache/zig test\n``\n</code></pre></div>",
        "id": 279827327,
        "sender_full_name": "Maxime Tremblay",
        "timestamp": 1650635992
    },
    {
        "content": "<p>I am having this same error on NixOS with nix flakes. Have you found any workaround?</p>\n<p>Edit: Strange that it compiles in another NixOS machine.</p>",
        "id": 290856048,
        "sender_full_name": "mostlyvoid",
        "timestamp": 1658819156
    },
    {
        "content": "<p>Hi <span class=\"user-mention\" data-user-id=\"482782\">@mostlyvoid</span>,<br>\nI'm on NixOS as well. So we're on the same page; do you have the error <code>error: failed to run custom build command for roc_builtins v0.1.0</code> when running <code>cargo build</code>after <code>nix develop</code>?</p>",
        "id": 290866636,
        "sender_full_name": "Anton",
        "timestamp": 1658826994
    },
    {
        "content": "<p>Yes, I think so. Here is the full log</p>\n<div class=\"codehilite\" data-code-language=\"Fish\"><pre><span></span><code>roc on ÓÇ† trunk via ü¶Ä v1.61.0 via ‚ùÑ  impure <span class=\"o\">(</span>nix-shell<span class=\"o\">)</span>\n‚ùØ cargo run repl\n   Compiling roc_builtins v0.1.0 <span class=\"o\">(</span>/home/halum/code/roc/crates/compiler/builtins<span class=\"o\">)</span>\nerror: failed to run custom build <span class=\"nb\">command </span><span class=\"k\">for</span> <span class=\"err\">`</span>roc_builtins v0.1.0 <span class=\"o\">(</span>/home/halum/code/roc/crates/compiler/builtins<span class=\"o\">)</span><span class=\"err\">`</span>\n\nCaused by:\n  process didn<span class=\"s1\">'t exit successfully: `/home/halum/code/roc/target/debug/build/roc_builtins-ac2eb2303333d02c/build-script-build` (exit status: 101)</span>\n<span class=\"s1\">  --- stdout</span>\n<span class=\"s1\">  cargo:rerun-if-changed=build.rs</span>\n<span class=\"s1\">  Compiling host ir to: /home/halum/code/roc/crates/compiler/builtins/bitcode/builtins-host.ll</span>\n<span class=\"s1\">  Compiling 64-bit bitcode to: /home/halum/code/roc/crates/compiler/builtins/bitcode/builtins-host.bc</span>\n\n<span class=\"s1\">  --- stderr</span>\n<span class=\"s1\">  thread '</span>main<span class=\"s1\">' panicked at '</span>zig failed: thread <span class=\"m\">50400</span> panic: index out of bounds\n  /nix/store/lhfjjvdp51y6lfyg2ssbxbp1plg4p8za-zig-0.9.1/lib/std/zig/system/NativeTargetInfo.zig:662:78: 0x2b16f4 <span class=\"k\">in</span> std.zig.system.NativeTargetInfo.abiAndDynamicLinkerFromFi\n                  const <span class=\"nv\">rpath_list</span> <span class=\"o\">=</span> mem.sliceTo<span class=\"o\">(</span>std.meta.assumeSentinel<span class=\"o\">(</span>strtab<span class=\"o\">[</span>rpoff_usize..<span class=\"o\">]</span>.ptr, 0<span class=\"o\">)</span>, 0<span class=\"o\">)</span><span class=\"p\">;</span>\n                                                                               <span class=\"o\">^</span>\n  /nix/store/lhfjjvdp51y6lfyg2ssbxbp1plg4p8za-zig-0.9.1/lib/std/zig/system/NativeTargetInfo.zig:387:39: 0x2a02e6 <span class=\"k\">in</span> std.zig.system.NativeTargetInfo.detectAbiAndDynamicLinker <span class=\"o\">(</span>build<span class=\"o\">)</span>\n      <span class=\"k\">return</span> abiAndDynamicLinkerFromFile<span class=\"o\">(</span>env_file, cpu, os, ld_info_list, cross_target<span class=\"o\">)</span> catch <span class=\"o\">|</span>err<span class=\"o\">|</span> <span class=\"k\">switch</span> <span class=\"o\">(</span>err<span class=\"o\">)</span> <span class=\"err\">{</span>\n                                        <span class=\"o\">^</span>\n  /nix/store/lhfjjvdp51y6lfyg2ssbxbp1plg4p8za-zig-0.9.1/lib/std/zig/system/NativeTargetInfo.zig:201:47: 0x29ba72 <span class=\"k\">in</span> std.zig.system.NativeTargetInfo.detect <span class=\"o\">(</span>build<span class=\"o\">)</span>\n      var <span class=\"nv\">result</span> <span class=\"o\">=</span> try detectAbiAndDynamicLinker<span class=\"o\">(</span>allocator, cpu, os, cross_target<span class=\"o\">)</span><span class=\"p\">;</span>\n                                                <span class=\"o\">^</span>\n  /nix/store/lhfjjvdp51y6lfyg2ssbxbp1plg4p8za-zig-0.9.1/lib/std/build.zig:166:49: 0x29632e <span class=\"k\">in</span> std.build.Builder.create <span class=\"o\">(</span>build<span class=\"o\">)</span>\n          const <span class=\"nv\">host</span> <span class=\"o\">=</span> try NativeTargetInfo.detect<span class=\"o\">(</span>allocator, .<span class=\"err\">{}</span><span class=\"o\">)</span><span class=\"p\">;</span>\n                                                  <span class=\"o\">^</span>\n  /nix/store/lhfjjvdp51y6lfyg2ssbxbp1plg4p8za-zig-0.9.1/lib/std/special/build_runner.zig:43:39: 0x28c28f <span class=\"k\">in</span> main <span class=\"o\">(</span>build<span class=\"o\">)</span>\n      const <span class=\"nv\">builder</span> <span class=\"o\">=</span> try Builder.create<span class=\"o\">(</span>\n                                        <span class=\"o\">^</span>\n  /nix/store/lhfjjvdp51y6lfyg2ssbxbp1plg4p8za-zig-0.9.1/lib/std/start.zig:561:37: 0x28562a <span class=\"k\">in</span> std.start.callMain <span class=\"o\">(</span>build<span class=\"o\">)</span>\n              const <span class=\"nv\">result</span> <span class=\"o\">=</span> root.main<span class=\"o\">()</span> catch <span class=\"o\">|</span>err<span class=\"o\">|</span> <span class=\"err\">{</span>\n                                      <span class=\"o\">^</span>\n  /nix/store/lhfjjvdp51y6lfyg2ssbxbp1plg4p8za-zig-0.9.1/lib/std/start.zig:495:12: 0x26623e <span class=\"k\">in</span> std.start.callMainWithArgs <span class=\"o\">(</span>build<span class=\"o\">)</span>\n      <span class=\"k\">return</span> @call<span class=\"o\">(</span>.<span class=\"err\">{</span> .modifier <span class=\"o\">=</span> .always_inline <span class=\"err\">}</span>, callMain, .<span class=\"err\">{}</span><span class=\"o\">)</span><span class=\"p\">;</span>\n             <span class=\"o\">^</span>\n  /nix/store/lhfjjvdp51y6lfyg2ssbxbp1plg4p8za-zig-0.9.1/lib/std/start.zig:409:17: 0x2652d6 <span class=\"k\">in</span> std.start.posixCallMainAndExit <span class=\"o\">(</span>build<span class=\"o\">)</span>\n      std.os.exit<span class=\"o\">(</span>@call<span class=\"o\">(</span>.<span class=\"err\">{</span> .modifier <span class=\"o\">=</span> .always_inline <span class=\"err\">}</span>, callMainWithArgs, .<span class=\"err\">{</span> argc, argv, envp <span class=\"err\">}</span><span class=\"o\">))</span><span class=\"p\">;</span>\n                  <span class=\"o\">^</span>\n  /nix/store/lhfjjvdp51y6lfyg2ssbxbp1plg4p8za-zig-0.9.1/lib/std/start.zig:322:5: 0x2650e2 <span class=\"k\">in</span> std.start._start <span class=\"o\">(</span>build<span class=\"o\">)</span>\n      @call<span class=\"o\">(</span>.<span class=\"err\">{</span> .modifier <span class=\"o\">=</span> .never_inline <span class=\"err\">}</span>, posixCallMainAndExit, .<span class=\"err\">{}</span><span class=\"o\">)</span><span class=\"p\">;</span>\n      <span class=\"o\">^</span>\n  error: the following build <span class=\"nb\">command </span>crashed:\n  /home/halum/code/roc/crates/compiler/builtins/bitcode/zig-cache/o/73d065ecbb0ad71677b5e532050e3bde/build /nix/store/lhfjjvdp51y6lfyg2ssbxbp1plg4p8za-zig-0.9.1/bin/zig /home/halum/code/roc/crates/compiler/builtins/bitcode /home/halum/code/roc/crates/compiler/builtins/bitcode/zig-cache /home/halum/.cache/zig ir -Drelease<span class=\"o\">=</span><span class=\"k\">true</span>\n  <span class=\"err\">'</span>, crates/compiler/builtins/build.rs:207:21\n  note: run with <span class=\"err\">`</span><span class=\"nv\">RUST_BACKTRACE</span><span class=\"o\">=</span>1<span class=\"err\">`</span> environment variable to display a backtrace\n</code></pre></div>",
        "id": 290866732,
        "sender_full_name": "mostlyvoid",
        "timestamp": 1658827075
    },
    {
        "content": "<p>This is an issue with zig, <a href=\"https://github.com/ziglang/zig/issues/12112\">documented here</a>. It's been recently fixed on zig master but that also uses LLVM 14, and it is not easy to upgrade our code to LLVM 14. The issue appears to be hardware specific, I can run the repl without errors on NixOS on the latest version of the trunk branch. If you really want to fix this, you can fork zig 0.9.1, <a href=\"https://github.com/ziglang/zig/pull/12155/files\">apply the fix</a> and update our flake to use your fork.</p>",
        "id": 290869001,
        "sender_full_name": "Anton",
        "timestamp": 1658828443
    },
    {
        "content": "<p><span class=\"user-mention\" data-user-id=\"361169\">@Anton</span> <span class=\"user-mention\" data-user-id=\"495048\">@Maxime Tremblay</span> I think I figured out the bug - <a href=\"https://github.com/ziglang/zig/issues/12112\">https://github.com/ziglang/zig/issues/12112</a></p>\n<p>As a temporary fix I changed this in the flake.nix</p>\n<div class=\"codehilite\" data-code-language=\"Diff\"><pre><span></span><code><span class=\"gd\">-        zig-toolchain = zig.packages.${system}.\"0.9.1\";</span><span class=\"w\"></span>\n<span class=\"gi\">+        zig-toolchain = zig.packages.${system}.master.latest;</span><span class=\"w\"></span>\n</code></pre></div>\n<p>and also updated the flake.lock file via <code>nix flake update</code>. </p>\n<p>Now the repl builds but there is a new error whenever I try to do anything in the repl.</p>\n<div class=\"codehilite\" data-code-language=\"Fish\"><pre><span></span><code>  The rockin‚Äô roc repl\n‚îÄ‚îÄ‚îÄ‚îÄ‚îÄ‚îÄ‚îÄ‚îÄ‚îÄ‚îÄ‚îÄ‚îÄ‚îÄ‚îÄ‚îÄ‚îÄ‚îÄ‚îÄ‚îÄ‚îÄ‚îÄ‚îÄ‚îÄ‚îÄ\n\nEnter an expression, <span class=\"k\">or</span> :help, <span class=\"k\">or</span> :exit/:q.\n\n¬ª 2\nthread <span class=\"s1\">'main'</span> panicked at <span class=\"s1\">'Unable to import builtins bitcode. LLVM error: \"Invalid record\"'</span>, crates/compiler/gen_llvm/src/llvm/build.rs:493:31\nnote: run with <span class=\"err\">`</span><span class=\"nv\">RUST_BACKTRACE</span><span class=\"o\">=</span>1<span class=\"err\">`</span> environment variable to display a backtrace\n</code></pre></div>\n<div class=\"codehilite\"><pre><span></span><code>\n</code></pre></div>",
        "id": 290869184,
        "sender_full_name": "mostlyvoid",
        "timestamp": 1658828582
    },
    {
        "content": "<p><span class=\"user-mention\" data-user-id=\"482782\">@mostlyvoid</span> you may have missed my previous message. These appear to be LLVM 14 errors that would require a significant upgrade to our code to fix.</p>",
        "id": 290869461,
        "sender_full_name": "Anton",
        "timestamp": 1658828742
    },
    {
        "content": "<p><span class=\"user-mention\" data-user-id=\"361169\">@Anton</span> Sorry! I actually missed your message. Thanks!</p>",
        "id": 290869577,
        "sender_full_name": "mostlyvoid",
        "timestamp": 1658828810
    },
    {
        "content": "<p>I am wondering, is there any easier way to use the fix this without forking and all? Can I somehow emulate the hardware/ build a VM where it works? Excuse me if it is a stupid question.</p>",
        "id": 290869925,
        "sender_full_name": "mostlyvoid",
        "timestamp": 1658829052
    },
    {
        "content": "<p>For <span class=\"user-mention\" data-user-id=\"495048\">@Maxime Tremblay</span>; although both errors start with <code>failed to run custom build command for roc_builtins v0.1.0</code>the actual zig error is entirely different from this new error. So the fix mentioned in <a href=\"https://github.com/ziglang/zig/issues/12112\">https://github.com/ziglang/zig/issues/12112</a> is not likely to fix Maxime's problem.</p>",
        "id": 290869927,
        "sender_full_name": "Anton",
        "timestamp": 1658829052
    },
    {
        "content": "<p><span class=\"user-mention\" data-user-id=\"482782\">@mostlyvoid</span> the zig issue does not go into detail about the hardware but I estimate that trying an Ubuntu VM has a 65% chance of fixing your problem.</p>",
        "id": 290870150,
        "sender_full_name": "Anton",
        "timestamp": 1658829233
    },
    {
        "content": "<p>Hey Folks! Sorry for reviving this topic, but I'm new to Roc, trying to build it locally on my mac from source, in order to contribute with the project. I'm using a MacOs 13.5 on a M1 chip, I tried to install everything that was needed, like LLVM and zig, tried different versions of zig, 0.8.1, 0.9.1, and 0.10.1, each of them I get a different error trying to build roc_bitcode v0.0.1 crate. Is roc compatible with M1 chip? Would I be able to contribute?</p>",
        "id": 385590681,
        "sender_full_name": "Matheus Ashton",
        "timestamp": 1692244721
    },
    {
        "content": "<p>Certainly, I use MacOS 13 with an M2 chip. I normally use <code>nix develop</code> which seems to just make everything work dependency wise. I'm not sure about compiling an individual crate, but normally I just run <code>cargo build --release --locked</code> from the root directory to build from source.</p>",
        "id": 385603091,
        "sender_full_name": "Luke Boswell",
        "timestamp": 1692253239
    },
    {
        "content": "<p>Do you have any errors you could share?</p>",
        "id": 385603170,
        "sender_full_name": "Luke Boswell",
        "timestamp": 1692253270
    },
    {
        "content": "<p>you need matching llvm and zig versions (at least). We currently have zig 0.9.1 and llvm 13. But yeah I guess nix is the fastest way to fix these issues if you don't want to deal with them</p>",
        "id": 385629612,
        "sender_full_name": "Folkert de Vries",
        "timestamp": 1692262735
    },
    {
        "content": "<p>I'm already using those versions, I'll try with nix</p>",
        "id": 385706711,
        "sender_full_name": "Matheus Ashton",
        "timestamp": 1692288122
    },
    {
        "content": "<p>It's because I already use homebrew, so I didn't want to install nix too, only for roc, but no problem</p>",
        "id": 385708780,
        "sender_full_name": "Matheus Ashton",
        "timestamp": 1692288690
    },
    {
        "content": "<p>OK, I've got it running with nix</p>",
        "id": 385712379,
        "sender_full_name": "Matheus Ashton",
        "timestamp": 1692289910
    },
    {
        "content": "<p>I'm not sure if it's related to the error in this thread, but I'm seeing <code>zig build ir -Drelease=true</code> on builtin bitcode failing with <code>error: FileNotFound</code></p>\n<p>(specifically in crates/compiler/builtins/bitcode/bc/build.rs:117:25)</p>\n<p>this is on current <code>main</code> on macOS, with zig and llvm being installed with homebrew, <code>zig version</code> printing <code>0.11.0</code>, and <code>llc --version</code> printing <code>Homebrew LLVM version 16.0.6</code></p>",
        "id": 485001673,
        "sender_full_name": "Richard Feldman",
        "timestamp": 1732840407
    },
    {
        "content": "<p>I'll do a clean rebuild in nix on my mac</p>",
        "id": 485002179,
        "sender_full_name": "Luke Boswell",
        "timestamp": 1732840914
    },
    {
        "content": "<p>It looks similar to this CI failure <a href=\"https://github.com/roc-lang/roc/actions/runs/12076406799/job/33677747603?pr=6921\">https://github.com/roc-lang/roc/actions/runs/12076406799/job/33677747603?pr=6921</a></p>",
        "id": 485002245,
        "sender_full_name": "Luke Boswell",
        "timestamp": 1732840955
    },
    {
        "content": "<p>It builds fine for me in Nix</p>",
        "id": 485002270,
        "sender_full_name": "Luke Boswell",
        "timestamp": 1732840985
    },
    {
        "content": "<p>hm, that one looks like <code>error: CacheUnavailable</code> <a href=\"https://github.com/roc-lang/roc/actions/runs/12076406799/job/33677747603?pr=6921#step:8:4607\">https://github.com/roc-lang/roc/actions/runs/12076406799/job/33677747603?pr=6921#step:8:4607</a></p>",
        "id": 485002286,
        "sender_full_name": "Richard Feldman",
        "timestamp": 1732841000
    },
    {
        "content": "<p>And I can also run <code>$ cargo build -p roc_bitcode</code> fine outside of nix</p>",
        "id": 485002362,
        "sender_full_name": "Luke Boswell",
        "timestamp": 1732841052
    },
    {
        "content": "<p>ok, while trying to git bisect, I found an older commit where it works, and now it works again even when I switch back to the branch...even after deleting <code>zig-out</code> and <code>zig-cache</code> <span aria-label=\"shrug\" class=\"emoji emoji-1f937\" role=\"img\" title=\"shrug\">:shrug:</span></p>",
        "id": 485002563,
        "sender_full_name": "Richard Feldman",
        "timestamp": 1732841248
    },
    {
        "content": "<p>so, all fixed...somehow!</p>",
        "id": 485002574,
        "sender_full_name": "Richard Feldman",
        "timestamp": 1732841259
    },
    {
        "content": "<p>is it still <code>zig-cache</code>? I guess it is a newer version of zig that switches to <code>.zig-cache</code>?</p>",
        "id": 485003639,
        "sender_full_name": "Brendan Hansknecht",
        "timestamp": 1732842071
    },
    {
        "content": "<p>I bet your <code>zig-cache</code> is old (and unrelated to any issues) and switching to an older commit forced <code>.zig-cache</code> to rebuild. That then fixed your issue.</p>",
        "id": 485003741,
        "sender_full_name": "Brendan Hansknecht",
        "timestamp": 1732842146
    },
    {
        "content": "<p>hmm, scratch that. 0.11.0 still use <code>zig-cache</code> and not the hidden folder yet. So idk...</p>",
        "id": 485003802,
        "sender_full_name": "Brendan Hansknecht",
        "timestamp": 1732842231
    }
]