<html>
<head><meta charset="utf-8"><title>broken cli test · compiler development · Zulip Chat Archive</title></head>
<h2>Stream: <a href="https://roc-lang.github.io/zulip-export/stream/395097-compiler-development/index.html">compiler development</a></h2>
<h3>Topic: <a href="https://roc-lang.github.io/zulip-export/stream/395097-compiler-development/topic/broken.20cli.20test.html">broken cli test</a></h3>

<hr>

<base href="https://roc.zulipchat.com">

<head><link href="https://roc-lang.github.io/zulip-export/style.css" rel="stylesheet"></head>

<a name="489017167"></a>
<h4><a href="https://roc.zulipchat.com#narrow/stream/395097-compiler%20development/topic/broken%20cli%20test/near/489017167" class="zl"><img src="https://roc-lang.github.io/zulip-export/assets/img/zulip.svg" alt="view this post on Zulip" style="width:20px;height:20px;"></a> Brendan Hansknecht <a href="https://roc-lang.github.io/zulip-export/stream/395097-compiler-development/topic/broken.20cli.20test.html#489017167">(Dec 14 2024 at 18:44)</a>:</h4>
<p>Anyone know how I broke <code>cli_tests::known_type_error</code>? My PR does enable a <code>cli_test</code>, but this failure is in an unrelated test.<br>
<a href="https://github.com/roc-lang/roc/pull/7369">https://github.com/roc-lang/roc/pull/7369</a></p>
<div class="codehilite"><pre><span></span><code>test cli_tests::known_type_error ... FAILED

failures:

---- cli_tests::known_type_error stdout ----
━━━━━━━━━━━━━━━━━━━━ Snapshot Summary ━━━━━━━━━━━━━━━━━━━━━
Snapshot file: crates/cli/tests/snapshots/cli_tests__cli_tests__known_type_error.snap
Snapshot: known_type_error
Source: crates/cli/tests/cli_tests.rs:1317
───────────────────────────────────────────────────────────
Expression: cli_check_out.normalize_stdout_and_stderr()
───────────────────────────────────────────────────────────
-old snapshot
+new results
────────────┬──────────────────────────────────────────────
    0       │-␊
    1       │-── TYPE MISMATCH in tests/test-projects/known_bad/TypeError.roc ────────────────␊
    2       │-␊
    3       │-Something is off with the body of the main definition:␊
    4       │-␊
    5       │-3│  main : Str -&gt; Task {} []␊
    6       │-4│  main = \_ -&gt;␊
    7       │-5│      &quot;this is a string, not a Task {} [] function like the platform expects.&quot;␊
    8       │-        ^^^^^^^^^^^^^^^^^^^^^^^^^^^^^^^^^^^^^^^^^^^^^^^^^^^^^^^^^^^^^^^^^^^^^^^^␊
    9       │-␊
   10       │-The body is a string of type:␊
   11       │-␊
   12       │-    Str␊
   13       │-␊
   14       │-But the type annotation on main says it should be:␊
   15       │-␊
   16       │-    Task {} []␊
   17       │-␊
   18       │-Tip: Add type annotations to functions or values to help you figure␊
   19       │-this out.␊
   20       │-␊
   21       │-────────────────────────────────────────────────────────────────────────────────␊
   22       │-␊
   23       │-1 error and 0 warning found in &lt;ignored for test&gt; ms
          0 │+An internal compiler expectation was broken.␊
          1 │+This is definitely a compiler bug.␊
          2 │+Please file an issue here: &lt;https://github.com/roc-lang/roc/issues/new/choose&gt;␊
          3 │+ident_string&#39;s IdentIds did not contain an entry for 1 in module 17␊
          4 │+Location: crates/compiler/module/src/symbol.rs:151:17␊
────────────┴──────────────────────────────────────────────
To update snapshots run `cargo insta review`
Stopped on the first failure. Run `cargo insta test` to run all snapshots.
thread &#39;cli_tests::known_type_error&#39; panicked at /Users/bren077s/.cargo/registry/src/index.crates.io-6f17d22bba15001f/insta-1.34.0/src/runtime.rs:563:9:
snapshot assertion for &#39;known_type_error&#39; failed in line 1317
note: run with `RUST_BACKTRACE=1` environment variable to display a backtrace
</code></pre></div>



<a name="489017275"></a>
<h4><a href="https://roc.zulipchat.com#narrow/stream/395097-compiler%20development/topic/broken%20cli%20test/near/489017275" class="zl"><img src="https://roc-lang.github.io/zulip-export/assets/img/zulip.svg" alt="view this post on Zulip" style="width:20px;height:20px;"></a> Brendan Hansknecht <a href="https://roc-lang.github.io/zulip-export/stream/395097-compiler-development/topic/broken.20cli.20test.html#489017275">(Dec 14 2024 at 18:46)</a>:</h4>
<p>Is this a case of a test that is already broken but somehow cached on main or otherwise not running?</p>



<a name="489017412"></a>
<h4><a href="https://roc.zulipchat.com#narrow/stream/395097-compiler%20development/topic/broken%20cli%20test/near/489017412" class="zl"><img src="https://roc-lang.github.io/zulip-export/assets/img/zulip.svg" alt="view this post on Zulip" style="width:20px;height:20px;"></a> Anton <a href="https://roc-lang.github.io/zulip-export/stream/395097-compiler-development/topic/broken.20cli.20test.html#489017412">(Dec 14 2024 at 18:48)</a>:</h4>
<p><a href="https://github.com/roc-lang/roc/issues/7022#issuecomment-2307944622">https://github.com/roc-lang/roc/issues/7022#issuecomment-2307944622</a></p>



<a name="489017578"></a>
<h4><a href="https://roc.zulipchat.com#narrow/stream/395097-compiler%20development/topic/broken%20cli%20test/near/489017578" class="zl"><img src="https://roc-lang.github.io/zulip-export/assets/img/zulip.svg" alt="view this post on Zulip" style="width:20px;height:20px;"></a> Brendan Hansknecht <a href="https://roc-lang.github.io/zulip-export/stream/395097-compiler-development/topic/broken.20cli.20test.html#489017578">(Dec 14 2024 at 18:51)</a>:</h4>
<p>Interesting. I didn't even change the compiler or <code>TypeError.roc</code>.</p>



<a name="489017581"></a>
<h4><a href="https://roc.zulipchat.com#narrow/stream/395097-compiler%20development/topic/broken%20cli%20test/near/489017581" class="zl"><img src="https://roc-lang.github.io/zulip-export/assets/img/zulip.svg" alt="view this post on Zulip" style="width:20px;height:20px;"></a> Brendan Hansknecht <a href="https://roc-lang.github.io/zulip-export/stream/395097-compiler-development/topic/broken.20cli.20test.html#489017581">(Dec 14 2024 at 18:51)</a>:</h4>
<p>So very surprising to start hitting it in that test now</p>



<a name="489017589"></a>
<h4><a href="https://roc.zulipchat.com#narrow/stream/395097-compiler%20development/topic/broken%20cli%20test/near/489017589" class="zl"><img src="https://roc-lang.github.io/zulip-export/assets/img/zulip.svg" alt="view this post on Zulip" style="width:20px;height:20px;"></a> Brendan Hansknecht <a href="https://roc-lang.github.io/zulip-export/stream/395097-compiler-development/topic/broken.20cli.20test.html#489017589">(Dec 14 2024 at 18:51)</a>:</h4>
<p>It seems to be hit consistently</p>



<a name="489018307"></a>
<h4><a href="https://roc.zulipchat.com#narrow/stream/395097-compiler%20development/topic/broken%20cli%20test/near/489018307" class="zl"><img src="https://roc-lang.github.io/zulip-export/assets/img/zulip.svg" alt="view this post on Zulip" style="width:20px;height:20px;"></a> Brendan Hansknecht <a href="https://roc-lang.github.io/zulip-export/stream/395097-compiler-development/topic/broken.20cli.20test.html#489018307">(Dec 14 2024 at 19:02)</a>:</h4>
<p>Should I disable that test for now with a todo for the issue?</p>



<a name="489019119"></a>
<h4><a href="https://roc.zulipchat.com#narrow/stream/395097-compiler%20development/topic/broken%20cli%20test/near/489019119" class="zl"><img src="https://roc-lang.github.io/zulip-export/assets/img/zulip.svg" alt="view this post on Zulip" style="width:20px;height:20px;"></a> Anton <a href="https://roc-lang.github.io/zulip-export/stream/395097-compiler-development/topic/broken.20cli.20test.html#489019119">(Dec 14 2024 at 19:14)</a>:</h4>
<p>Yeah <span aria-label="+1" class="emoji emoji-1f44d" role="img" title="+1">:+1:</span></p>



<hr><p>Last updated: Mar 01 2026 at 12:20 UTC</p>
</html>