[
    {
        "content": "<p>Hey, I am trying to contribute to Roc and going through the Roc internals to get more familiar with it. </p>\n<p>Currently, just running <code>cargo test --release</code> on the main branch fails</p>\n<blockquote>\n<p>test result: FAILED. 133 passed; 10 failed; 2 ignored; 0 measured; 0 filtered out; finished in 50.56s</p>\n</blockquote>\n<div class=\"codehilite\"><pre><span></span><code>failures:\n    tests::interpolation_with_nested_strings\n    tests::list_contains\n    tests::list_drop_at_negative_index\n    tests::list_first\n    tests::list_get_negative_index\n    tests::list_last\n    tests::list_sum_empty\n    tests::list_sum_frac\n    tests::list_sum_num\n    tests::opaque_wrap_function\n</code></pre></div>\n<p>Can please some one give an advice on what I am doing wrong here? Are we not supposed to work with the main branch for contributions?</p>\n<p>Happy to provide more details here if needed.</p>\n<p>Thanks!</p>",
        "id": 474092403,
        "sender_full_name": "Sajjad Naveed",
        "timestamp": 1727804555
    },
    {
        "content": "<p>Hi <span class=\"user-mention\" data-user-id=\"629236\">@Sajjad Naveed</span>,<br>\nYeah, the main branch is the right place.<br>\nPerhaps there is something wrong with your dependencies, are you using <code>nix develop</code>?</p>",
        "id": 474093601,
        "sender_full_name": "Anton",
        "timestamp": 1727804942
    },
    {
        "content": "<p>If you share an error message of any of those failures I will probably know what's wrong</p>",
        "id": 474093839,
        "sender_full_name": "Anton",
        "timestamp": 1727805024
    },
    {
        "content": "<p>Yeah I am. The only difference is that I am using Determinate Systems nix installer rather than the official one but it hasn't caused any issues before.</p>",
        "id": 474093990,
        "sender_full_name": "Sajjad Naveed",
        "timestamp": 1727805074
    },
    {
        "content": "<p>If you scroll up a bit you will probably have a full error/failure message for each test</p>",
        "id": 474094330,
        "sender_full_name": "Anton",
        "timestamp": 1727805198
    },
    {
        "content": "<p>Here's one of the failure messages. </p>\n<div class=\"codehilite\"><pre><span></span><code>test tests::list_sum_frac ... FAILED\nld: invalid r_symbolnum=1 in &#39;/private/tmp/nix-shell.YiDFvR/.tmpI1Go9y/app.o&#39;\n/tmp/nix-shell.YiDFvR/.tmpI1Go9y/app.dylib: No such file or directory\nthread &#39;main&#39; panicked at crates/repl_cli/src/cli_gen.rs:69:14:\nwe produce a valid Dylib: DlOpen { desc: &quot;dlopen(/tmp/nix-shell.YiDFvR/.tmpI1Go9y/app.dylib, 0x0005): tried: \\&#39;/tmp/nix-shell.YiDFvR/.tmpI1Go9y/app.dylib\\&#39; (no such file), \\&#39;/System/Volumes/Preboot/Cryptexes/OS/tmp/nix-shell.YiDFvR/.tmpI1Go9y/app.dylib\\&#39; (no such file), \\&#39;/tmp/nix-shell.YiDFvR/.tmpI1Go9y/app.dylib\\&#39; (no such file), \\&#39;/private/tmp/nix-shell.YiDFvR/.tmpI1Go9y/app.dylib\\&#39; (no such file), \\&#39;/System/Volumes/Preboot/Cryptexes/OS/private/tmp/nix-shell.YiDFvR/.tmpI1Go9y/app.dylib\\&#39; (no such file), \\&#39;/private/tmp/nix-shell.YiDFvR/.tmpI1Go9y/app.dylib\\&#39; (no such file)&quot; }\n</code></pre></div>\n<p>I hope this helps!?!</p>",
        "id": 474094371,
        "sender_full_name": "Sajjad Naveed",
        "timestamp": 1727805211
    },
    {
        "content": "<p>Hmm some settings in the Determinate Systems nix installer could be the problem here. What operating system and architecture(x64, apple silicon...) is your machine?</p>",
        "id": 474094761,
        "sender_full_name": "Anton",
        "timestamp": 1727805345
    },
    {
        "content": "<p>Macbook Pro (M1 Max)</p>\n<p>MacOS 15.0 (24A335)</p>",
        "id": 474094956,
        "sender_full_name": "Sajjad Naveed",
        "timestamp": 1727805390
    },
    {
        "content": "<p>Yeah, we don't test with macos 15 yet, that could also be the problem</p>",
        "id": 474095166,
        "sender_full_name": "Anton",
        "timestamp": 1727805461
    },
    {
        "content": "<p>Hmm, do you think it's worth trying the official installer?</p>",
        "id": 474095387,
        "sender_full_name": "Sajjad Naveed",
        "timestamp": 1727805525
    },
    {
        "content": "<p>Actually, I now think xcode problems could be more likely, can you try <a href=\"https://github.com/roc-lang/roc/issues/5797#issuecomment-1786105269\">this</a>?</p>",
        "id": 474096021,
        "sender_full_name": "Anton",
        "timestamp": 1727805690
    },
    {
        "content": "<p>I have to go now, but I'll be back tomorrow if you need more help :)</p>",
        "id": 474096413,
        "sender_full_name": "Anton",
        "timestamp": 1727805779
    },
    {
        "content": "<p>Trying. I will let you know how it goes.</p>\n<p>Yeah I understand. Take Care. It's 4:03 am here as well. I am also gonna crash after this.</p>",
        "id": 474096517,
        "sender_full_name": "Sajjad Naveed",
        "timestamp": 1727805810
    },
    {
        "content": "<p>It worked <span aria-label=\"dancing\" class=\"emoji emoji-1f57a\" role=\"img\" title=\"dancing\">:dancing:</span> </p>\n<p>Thanks for helping <span class=\"user-mention\" data-user-id=\"361169\">@Anton</span> </p>\n<p>This should be pinned in contributions somehow, as there is a reasonable chance other people might face this too.</p>\n<p>But thank you so much again <span aria-label=\"praise\" class=\"emoji emoji-1f64c\" role=\"img\" title=\"praise\">:praise:</span></p>",
        "id": 474101243,
        "sender_full_name": "Sajjad Naveed",
        "timestamp": 1727807409
    },
    {
        "content": "<p><span class=\"user-mention silent\" data-user-id=\"629236\">Sajjad Naveed</span> has marked this topic as resolved.</p>",
        "id": 474103866,
        "sender_full_name": "Notification Bot",
        "timestamp": 1727808429
    },
    {
        "content": "<blockquote>\n<p>This should be pinned in contributions somehow, as there is a reasonable chance other people might face this too.</p>\n</blockquote>\n<p>I'll modify the error message, that way it's right there :)</p>",
        "id": 474245795,
        "sender_full_name": "Anton",
        "timestamp": 1727861731
    },
    {
        "content": "<p><a href=\"https://github.com/roc-lang/roc/pull/7137\">https://github.com/roc-lang/roc/pull/7137</a></p>",
        "id": 474246513,
        "sender_full_name": "Anton",
        "timestamp": 1727861958
    },
    {
        "content": "<p>I'm also running into some failing tests on main running locally on my mac (with nix). Any suggestions about fixing these?</p>\n<div class=\"codehilite\"><pre><span></span><code>failures:\n\n---- tests::identity_lambda stdout ----\nthread &#39;tests::identity_lambda&#39; panicked at crates/repl_test/src/cli.rs:96:13:\nrepl exited unexpectedly before finishing evaluation. Exit status was ExitStatus(unix_wait_status(25856)) and stderr was &quot;&quot;\nnote: run with `RUST_BACKTRACE=1` environment variable to display a backtrace\n\n---- tests::issue_2300 stdout ----\nthread &#39;tests::issue_2300&#39; panicked at crates/repl_test/src/cli.rs:96:13:\nrepl exited unexpectedly before finishing evaluation. Exit status was ExitStatus(unix_wait_status(25856)) and stderr was &quot;&quot;\n\n---- tests::issue_2582_specialize_result_value stdout ----\nthread &#39;tests::issue_2582_specialize_result_value&#39; panicked at crates/repl_test/src/cli.rs:96:13:\nrepl exited unexpectedly before finishing evaluation. Exit status was ExitStatus(unix_wait_status(25856)) and stderr was &quot;&quot;\n\n---- tests::sum_lambda stdout ----\nthread &#39;tests::sum_lambda&#39; panicked at crates/repl_test/src/cli.rs:96:13:\nrepl exited unexpectedly before finishing evaluation. Exit status was ExitStatus(unix_wait_status(25856)) and stderr was &quot;&quot;\n\n\nfailures:\n    tests::identity_lambda\n    tests::issue_2300\n    tests::issue_2582_specialize_result_value\n    tests::sum_lambda\n</code></pre></div>",
        "id": 481425361,
        "sender_full_name": "Isaac Van Doren",
        "timestamp": 1731125222
    },
    {
        "content": "<p>Iâ€™m also using the determinate systems nix installer. I ran into the issue above and was able to fix it with the given solution. So maybe this is related to that also?</p>",
        "id": 481426326,
        "sender_full_name": "Isaac Van Doren",
        "timestamp": 1731126310
    },
    {
        "content": "<p><span class=\"user-mention\" data-user-id=\"611722\">@Isaac Van Doren</span> these are known failures on debug build, they work on <code>--release</code></p>",
        "id": 481426392,
        "sender_full_name": "Sam Mohr",
        "timestamp": 1731126372
    },
    {
        "content": "<p>So I'd recommend <code>cargo test --release</code> for now</p>",
        "id": 481426404,
        "sender_full_name": "Sam Mohr",
        "timestamp": 1731126389
    },
    {
        "content": "<p>Perfect, thanks!</p>",
        "id": 481426431,
        "sender_full_name": "Isaac Van Doren",
        "timestamp": 1731126424
    },
    {
        "content": "<p>Maybe we should ignore those in debug builds so people don't hit this?</p>",
        "id": 481434278,
        "sender_full_name": "Brendan Hansknecht",
        "timestamp": 1731134257
    },
    {
        "content": "<p><a href=\"https://github.com/roc-lang/roc/pull/7210\">https://github.com/roc-lang/roc/pull/7210</a></p>",
        "id": 481458109,
        "sender_full_name": "Anton",
        "timestamp": 1731156773
    }
]