[
    {
        "content": "<p>Anyone know how I broke <code>cli_tests::known_type_error</code>? My PR does enable a <code>cli_test</code>, but this failure is in an unrelated test.<br>\n<a href=\"https://github.com/roc-lang/roc/pull/7369\">https://github.com/roc-lang/roc/pull/7369</a></p>\n<div class=\"codehilite\"><pre><span></span><code>test cli_tests::known_type_error ... FAILED\n\nfailures:\n\n---- cli_tests::known_type_error stdout ----\n━━━━━━━━━━━━━━━━━━━━ Snapshot Summary ━━━━━━━━━━━━━━━━━━━━━\nSnapshot file: crates/cli/tests/snapshots/cli_tests__cli_tests__known_type_error.snap\nSnapshot: known_type_error\nSource: crates/cli/tests/cli_tests.rs:1317\n───────────────────────────────────────────────────────────\nExpression: cli_check_out.normalize_stdout_and_stderr()\n───────────────────────────────────────────────────────────\n-old snapshot\n+new results\n────────────┬──────────────────────────────────────────────\n    0       │-␊\n    1       │-── TYPE MISMATCH in tests/test-projects/known_bad/TypeError.roc ────────────────␊\n    2       │-␊\n    3       │-Something is off with the body of the main definition:␊\n    4       │-␊\n    5       │-3│  main : Str -&gt; Task {} []␊\n    6       │-4│  main = \\_ -&gt;␊\n    7       │-5│      &quot;this is a string, not a Task {} [] function like the platform expects.&quot;␊\n    8       │-        ^^^^^^^^^^^^^^^^^^^^^^^^^^^^^^^^^^^^^^^^^^^^^^^^^^^^^^^^^^^^^^^^^^^^^^^^␊\n    9       │-␊\n   10       │-The body is a string of type:␊\n   11       │-␊\n   12       │-    Str␊\n   13       │-␊\n   14       │-But the type annotation on main says it should be:␊\n   15       │-␊\n   16       │-    Task {} []␊\n   17       │-␊\n   18       │-Tip: Add type annotations to functions or values to help you figure␊\n   19       │-this out.␊\n   20       │-␊\n   21       │-────────────────────────────────────────────────────────────────────────────────␊\n   22       │-␊\n   23       │-1 error and 0 warning found in &lt;ignored for test&gt; ms\n          0 │+An internal compiler expectation was broken.␊\n          1 │+This is definitely a compiler bug.␊\n          2 │+Please file an issue here: &lt;https://github.com/roc-lang/roc/issues/new/choose&gt;␊\n          3 │+ident_string&#39;s IdentIds did not contain an entry for 1 in module 17␊\n          4 │+Location: crates/compiler/module/src/symbol.rs:151:17␊\n────────────┴──────────────────────────────────────────────\nTo update snapshots run `cargo insta review`\nStopped on the first failure. Run `cargo insta test` to run all snapshots.\nthread &#39;cli_tests::known_type_error&#39; panicked at /Users/bren077s/.cargo/registry/src/index.crates.io-6f17d22bba15001f/insta-1.34.0/src/runtime.rs:563:9:\nsnapshot assertion for &#39;known_type_error&#39; failed in line 1317\nnote: run with `RUST_BACKTRACE=1` environment variable to display a backtrace\n</code></pre></div>",
        "id": 489017167,
        "sender_full_name": "Brendan Hansknecht",
        "timestamp": 1734201875
    },
    {
        "content": "<p>Is this a case of a test that is already broken but somehow cached on main or otherwise not running?</p>",
        "id": 489017275,
        "sender_full_name": "Brendan Hansknecht",
        "timestamp": 1734201979
    },
    {
        "content": "<p><a href=\"https://github.com/roc-lang/roc/issues/7022#issuecomment-2307944622\">https://github.com/roc-lang/roc/issues/7022#issuecomment-2307944622</a></p>",
        "id": 489017412,
        "sender_full_name": "Anton",
        "timestamp": 1734202131
    },
    {
        "content": "<p>Interesting. I didn't even change the compiler or <code>TypeError.roc</code>.</p>",
        "id": 489017578,
        "sender_full_name": "Brendan Hansknecht",
        "timestamp": 1734202297
    },
    {
        "content": "<p>So very surprising to start hitting it in that test now</p>",
        "id": 489017581,
        "sender_full_name": "Brendan Hansknecht",
        "timestamp": 1734202302
    },
    {
        "content": "<p>It seems to be hit consistently</p>",
        "id": 489017589,
        "sender_full_name": "Brendan Hansknecht",
        "timestamp": 1734202319
    },
    {
        "content": "<p>Should I disable that test for now with a todo for the issue?</p>",
        "id": 489018307,
        "sender_full_name": "Brendan Hansknecht",
        "timestamp": 1734202949
    },
    {
        "content": "<p>Yeah <span aria-label=\"+1\" class=\"emoji emoji-1f44d\" role=\"img\" title=\"+1\">:+1:</span></p>",
        "id": 489019119,
        "sender_full_name": "Anton",
        "timestamp": 1734203666
    }
]