<html>
<head><meta charset="utf-8"><title>Issues related to type annotations · beginners · Zulip Chat Archive</title></head>
<h2>Stream: <a href="https://roc-lang.github.io/zulip-export/stream/231634-beginners/index.html">beginners</a></h2>
<h3>Topic: <a href="https://roc-lang.github.io/zulip-export/stream/231634-beginners/topic/Issues.20related.20to.20type.20annotations.html">Issues related to type annotations</a></h3>

<hr>

<base href="https://roc.zulipchat.com">

<head><link href="https://roc-lang.github.io/zulip-export/style.css" rel="stylesheet"></head>

<a name="410761838"></a>
<h4><a href="https://roc.zulipchat.com#narrow/stream/231634-beginners/topic/Issues%20related%20to%20type%20annotations/near/410761838" class="zl"><img src="https://roc-lang.github.io/zulip-export/assets/img/zulip.svg" alt="view this post on Zulip" style="width:20px;height:20px;"></a> Isaac Van Doren <a href="https://roc-lang.github.io/zulip-export/stream/231634-beginners/topic/Issues.20related.20to.20type.20annotations.html#410761838">(Jan 01 2024 at 21:46)</a>:</h4>
<p>I have a <a href="https://github.com/isaacvando/gob">program</a> where the tests pass and <code>roc check</code> works, but when I do <code>roc build</code> I get </p>
<div class="codehilite"><pre><span></span><code>thread &#39;main&#39; panicked at &#39;Error in alias analysis: error in module ModName(&quot;UserApp&quot;), function definition FuncName(&quot;\x18\x00\x00\x00\t\x00\x00\x00ib\xf5\xe0\x1a\x9f\x80\xb7&quot;), definition of value binding ValueId(7): could not find func in module ModName(&quot;UserApp&quot;) with name FuncName(&quot;\x18\x00\x00\x00\x99\x00\x00\x00\xe2\xe7\x0b\xc3\xc7\xdc#%&quot;)&#39;, crates/compiler/gen_llvm/src/llvm/build.rs:5743:19
stack backtrace:
   0:        0x1059f7c00 - __mh_execute_header
   1:        0x104fafc2c - __mh_execute_header
   2:        0x1059f3a28 - __mh_execute_header
   3:        0x1059f7a18 - __mh_execute_header
   4:        0x1059fb754 - __mh_execute_header
   5:        0x1059fb500 - __mh_execute_header
   6:        0x1059fbd38 - __mh_execute_header
   7:        0x1059fbb24 - __mh_execute_header
   8:        0x1059fa6c0 - __mh_execute_header
   9:        0x1059fb8d8 - __mh_execute_header
  10:        0x10840d570 - __ZN4llvm15SmallVectorBaseIyE8grow_podEPvmm
  11:        0x105416270 - __mh_execute_header
  12:        0x105410b60 - __mh_execute_header
  13:        0x105166b34 - __mh_execute_header
  14:        0x10516a564 - __mh_execute_header
  15:        0x105168fd0 - __mh_execute_header
  16:        0x10522eabc - __mh_execute_header
  17:        0x10513d764 - __mh_execute_header
  18:        0x1051322b4 - __mh_execute_header
  19:        0x1051322d8 - __mh_execute_header
  20:        0x1059ec880 - __mh_execute_header
  21:        0x10513f404 - __mh_execute_header
</code></pre></div>
<p>I thought removing some type annotations might fix this, but unfortunately, when I do that, check and build both hang.</p>
<p>Any suggestions?</p>



<a name="410761873"></a>
<h4><a href="https://roc.zulipchat.com#narrow/stream/231634-beginners/topic/Issues%20related%20to%20type%20annotations/near/410761873" class="zl"><img src="https://roc-lang.github.io/zulip-export/assets/img/zulip.svg" alt="view this post on Zulip" style="width:20px;height:20px;"></a> Isaac Van Doren <a href="https://roc-lang.github.io/zulip-export/stream/231634-beginners/topic/Issues.20related.20to.20type.20annotations.html#410761873">(Jan 01 2024 at 21:47)</a>:</h4>
<p>If I comment out this <a href="https://github.com/isaacvando/gob/blob/72c77ccf4b710907037a550f5ef05fa5c8145ad9/main.roc#L151">line</a> alone that is enough to get roc check/build to hang</p>



<a name="410764248"></a>
<h4><a href="https://roc.zulipchat.com#narrow/stream/231634-beginners/topic/Issues%20related%20to%20type%20annotations/near/410764248" class="zl"><img src="https://roc-lang.github.io/zulip-export/assets/img/zulip.svg" alt="view this post on Zulip" style="width:20px;height:20px;"></a> Luke Boswell <a href="https://roc-lang.github.io/zulip-export/stream/231634-beginners/topic/Issues.20related.20to.20type.20annotations.html#410764248">(Jan 01 2024 at 22:24)</a>:</h4>
<p>Every time I have seen the <code>Error in alias analysis</code> part I think it has been an issue related to LambdaSets. I'm not sure if that is what is going on here. In my experience there is usually another way to structure the program to achieve the same outcome without this issue.</p>



<a name="410785893"></a>
<h4><a href="https://roc.zulipchat.com#narrow/stream/231634-beginners/topic/Issues%20related%20to%20type%20annotations/near/410785893" class="zl"><img src="https://roc-lang.github.io/zulip-export/assets/img/zulip.svg" alt="view this post on Zulip" style="width:20px;height:20px;"></a> Isaac Van Doren <a href="https://roc-lang.github.io/zulip-export/stream/231634-beginners/topic/Issues.20related.20to.20type.20annotations.html#410785893">(Jan 02 2024 at 02:46)</a>:</h4>
<p>Maybe this is worth putting in a different thread, but there's another bug that is occurring in the function whose type signature is causing the issue above (on the previous commit which does build). </p>
<p>This is the smallest reproduction I could come up with. The expect sometimes succeeds and sometimes fails with result being <code>[Number 4]</code>,  or a value similar to <code>[Number 4966104036]</code>.</p>
<div class="codehilite"><pre><span></span><code>Term : [
    Number I64,
    Quotation (List Term),
]

stepBuiltin : List Term -&gt; List Term
stepBuiltin = \stack -&gt;
    when stack is
        [.., Number x, Number y] -&gt;
            # dbg stack
            [Number (x + y)]

        _ -&gt; []

expect
    result = stepBuiltin [Number 4, Number 8]
    result == [Number 12]
</code></pre></div>
<p>If you uncomment the dbg in that position specifically, it makes the expect pass every time. </p>
<p>I assume this is related to recursive types and lambda sets, so I know there may not be an easy solution, but perhaps the example is helpful.</p>



<hr><p>Last updated: Mar 01 2026 at 12:20 UTC</p>
</html>